
  You can now view your Streamlit app in your browser.

  Local URL: http://localhost:8501
  Network URL: http://192.168.4.116:8501

  For better performance, install the Watchdog module:

  $ xcode-select --install
  $ pip install watchdog
            
2025-12-20 20:46:05.262 Uncaught app execution
Traceback (most recent call last):
  File "/Users/danieledragoni/git/LIste/.venv/lib/python3.10/site-packages/streamlit/runtime/scriptrunner/exec_code.py", line 129, in exec_func_with_error_handling
    result = func()
  File "/Users/danieledragoni/git/LIste/.venv/lib/python3.10/site-packages/streamlit/runtime/scriptrunner/script_runner.py", line 669, in code_to_exec
    _mpa_v1(self._main_script_path)
  File "/Users/danieledragoni/git/LIste/.venv/lib/python3.10/site-packages/streamlit/runtime/scriptrunner/script_runner.py", line 165, in _mpa_v1
    page.run()
  File "/Users/danieledragoni/git/LIste/.venv/lib/python3.10/site-packages/streamlit/navigation/page.py", line 310, in run
    exec(code, module.__dict__)  # noqa: S102
  File "/Users/danieledragoni/git/LIste/app/Home.py", line 74, in <module>
    max_score = float(df['ptof_orientamento_maturity_index'].max()) if len(df) > 0 else 7.0
ValueError: could not convert string to float: 'ND'
2025-12-20 20:46:07.701 Uncaught app execution
Traceback (most recent call last):
  File "/Users/danieledragoni/git/LIste/.venv/lib/python3.10/site-packages/pandas/core/groupby/groupby.py", line 1944, in _agg_py_fallback
    res_values = self._grouper.agg_series(ser, alt, preserve_dtype=True)
  File "/Users/danieledragoni/git/LIste/.venv/lib/python3.10/site-packages/pandas/core/groupby/ops.py", line 873, in agg_series
    result = self._aggregate_series_pure_python(obj, func)
  File "/Users/danieledragoni/git/LIste/.venv/lib/python3.10/site-packages/pandas/core/groupby/ops.py", line 894, in _aggregate_series_pure_python
    res = func(group)
  File "/Users/danieledragoni/git/LIste/.venv/lib/python3.10/site-packages/pandas/core/groupby/groupby.py", line 2461, in <lambda>
    alt=lambda x: Series(x, copy=False).mean(numeric_only=numeric_only),
  File "/Users/danieledragoni/git/LIste/.venv/lib/python3.10/site-packages/pandas/core/series.py", line 6570, in mean
    return NDFrame.mean(self, axis, skipna, numeric_only, **kwargs)
  File "/Users/danieledragoni/git/LIste/.venv/lib/python3.10/site-packages/pandas/core/generic.py", line 12485, in mean
    return self._stat_function(
  File "/Users/danieledragoni/git/LIste/.venv/lib/python3.10/site-packages/pandas/core/generic.py", line 12442, in _stat_function
    return self._reduce(
  File "/Users/danieledragoni/git/LIste/.venv/lib/python3.10/site-packages/pandas/core/series.py", line 6478, in _reduce
    return op(delegate, skipna=skipna, **kwds)
  File "/Users/danieledragoni/git/LIste/.venv/lib/python3.10/site-packages/pandas/core/nanops.py", line 147, in f
    result = alt(values, axis=axis, skipna=skipna, **kwds)
  File "/Users/danieledragoni/git/LIste/.venv/lib/python3.10/site-packages/pandas/core/nanops.py", line 404, in new_func
    result = func(values, axis=axis, skipna=skipna, mask=mask, **kwargs)
  File "/Users/danieledragoni/git/LIste/.venv/lib/python3.10/site-packages/pandas/core/nanops.py", line 720, in nanmean
    the_sum = _ensure_numeric(the_sum)
  File "/Users/danieledragoni/git/LIste/.venv/lib/python3.10/site-packages/pandas/core/nanops.py", line 1701, in _ensure_numeric
    raise TypeError(f"Could not convert string '{x}' to numeric")
TypeError: Could not convert string 'ND' to numeric

The above exception was the direct cause of the following exception:

Traceback (most recent call last):
  File "/Users/danieledragoni/git/LIste/.venv/lib/python3.10/site-packages/streamlit/runtime/scriptrunner/exec_code.py", line 129, in exec_func_with_error_handling
    result = func()
  File "/Users/danieledragoni/git/LIste/.venv/lib/python3.10/site-packages/streamlit/runtime/scriptrunner/script_runner.py", line 669, in code_to_exec
    _mpa_v1(self._main_script_path)
  File "/Users/danieledragoni/git/LIste/.venv/lib/python3.10/site-packages/streamlit/runtime/scriptrunner/script_runner.py", line 165, in _mpa_v1
    page.run()
  File "/Users/danieledragoni/git/LIste/.venv/lib/python3.10/site-packages/streamlit/navigation/page.py", line 310, in run
    exec(code, module.__dict__)  # noqa: S102
  File "/Users/danieledragoni/git/LIste/app/pages/1_üìä_Comparazioni.py", line 50, in <module>
    pivot = df_pivot.pivot_table(
  File "/Users/danieledragoni/git/LIste/.venv/lib/python3.10/site-packages/pandas/core/frame.py", line 9536, in pivot_table
    return pivot_table(
  File "/Users/danieledragoni/git/LIste/.venv/lib/python3.10/site-packages/pandas/core/reshape/pivot.py", line 102, in pivot_table
    table = __internal_pivot_table(
  File "/Users/danieledragoni/git/LIste/.venv/lib/python3.10/site-packages/pandas/core/reshape/pivot.py", line 183, in __internal_pivot_table
    agged = grouped.agg(aggfunc)
  File "/Users/danieledragoni/git/LIste/.venv/lib/python3.10/site-packages/pandas/core/groupby/generic.py", line 1432, in aggregate
    result = op.agg()
  File "/Users/danieledragoni/git/LIste/.venv/lib/python3.10/site-packages/pandas/core/apply.py", line 187, in agg
    return self.apply_str()
  File "/Users/danieledragoni/git/LIste/.venv/lib/python3.10/site-packages/pandas/core/apply.py", line 603, in apply_str
    return self._apply_str(obj, func, *self.args, **self.kwargs)
  File "/Users/danieledragoni/git/LIste/.venv/lib/python3.10/site-packages/pandas/core/apply.py", line 693, in _apply_str
    return f(*args, **kwargs)
  File "/Users/danieledragoni/git/LIste/.venv/lib/python3.10/site-packages/pandas/core/groupby/groupby.py", line 2459, in mean
    result = self._cython_agg_general(
  File "/Users/danieledragoni/git/LIste/.venv/lib/python3.10/site-packages/pandas/core/groupby/groupby.py", line 2005, in _cython_agg_general
    new_mgr = data.grouped_reduce(array_func)
  File "/Users/danieledragoni/git/LIste/.venv/lib/python3.10/site-packages/pandas/core/internals/managers.py", line 1488, in grouped_reduce
    applied = sb.apply(func)
  File "/Users/danieledragoni/git/LIste/.venv/lib/python3.10/site-packages/pandas/core/internals/blocks.py", line 395, in apply
    result = func(self.values, **kwargs)
  File "/Users/danieledragoni/git/LIste/.venv/lib/python3.10/site-packages/pandas/core/groupby/groupby.py", line 2002, in array_func
    result = self._agg_py_fallback(how, values, ndim=data.ndim, alt=alt)
  File "/Users/danieledragoni/git/LIste/.venv/lib/python3.10/site-packages/pandas/core/groupby/groupby.py", line 1948, in _agg_py_fallback
    raise type(err)(msg) from err
TypeError: agg function failed [how->mean,dtype->object]
2025-12-20 20:46:10.536 Uncaught app execution
Traceback (most recent call last):
  File "/Users/danieledragoni/git/LIste/.venv/lib/python3.10/site-packages/streamlit/runtime/scriptrunner/exec_code.py", line 129, in exec_func_with_error_handling
    result = func()
  File "/Users/danieledragoni/git/LIste/.venv/lib/python3.10/site-packages/streamlit/runtime/scriptrunner/script_runner.py", line 669, in code_to_exec
    _mpa_v1(self._main_script_path)
  File "/Users/danieledragoni/git/LIste/.venv/lib/python3.10/site-packages/streamlit/runtime/scriptrunner/script_runner.py", line 165, in _mpa_v1
    page.run()
  File "/Users/danieledragoni/git/LIste/.venv/lib/python3.10/site-packages/streamlit/navigation/page.py", line 310, in run
    exec(code, module.__dict__)  # noqa: S102
  File "/Users/danieledragoni/git/LIste/app/pages/2_üî¨_Analisi_Avanzate.py", line 60, in <module>
    X_scaled = scaler.fit_transform(X)
  File "/Users/danieledragoni/git/LIste/.venv/lib/python3.10/site-packages/sklearn/utils/_set_output.py", line 316, in wrapped
    data_to_wrap = f(self, X, *args, **kwargs)
  File "/Users/danieledragoni/git/LIste/.venv/lib/python3.10/site-packages/sklearn/base.py", line 894, in fit_transform
    return self.fit(X, **fit_params).transform(X)
  File "/Users/danieledragoni/git/LIste/.venv/lib/python3.10/site-packages/sklearn/preprocessing/_data.py", line 907, in fit
    return self.partial_fit(X, y, sample_weight)
  File "/Users/danieledragoni/git/LIste/.venv/lib/python3.10/site-packages/sklearn/base.py", line 1365, in wrapper
    return fit_method(estimator, *args, **kwargs)
  File "/Users/danieledragoni/git/LIste/.venv/lib/python3.10/site-packages/sklearn/preprocessing/_data.py", line 943, in partial_fit
    X = validate_data(
  File "/Users/danieledragoni/git/LIste/.venv/lib/python3.10/site-packages/sklearn/utils/validation.py", line 2954, in validate_data
    out = check_array(X, input_name="X", **check_params)
  File "/Users/danieledragoni/git/LIste/.venv/lib/python3.10/site-packages/sklearn/utils/validation.py", line 1053, in check_array
    array = _asarray_with_order(array, order=order, dtype=dtype, xp=xp)
  File "/Users/danieledragoni/git/LIste/.venv/lib/python3.10/site-packages/sklearn/utils/_array_api.py", line 757, in _asarray_with_order
    array = numpy.asarray(array, order=order, dtype=dtype)
  File "/Users/danieledragoni/git/LIste/.venv/lib/python3.10/site-packages/pandas/core/generic.py", line 2171, in __array__
    arr = np.asarray(values, dtype=dtype)
ValueError: could not convert string to float: 'ND'
2025-12-20 20:46:14.230 Uncaught app execution
Traceback (most recent call last):
  File "/Users/danieledragoni/git/LIste/.venv/lib/python3.10/site-packages/pandas/core/groupby/groupby.py", line 1944, in _agg_py_fallback
    res_values = self._grouper.agg_series(ser, alt, preserve_dtype=True)
  File "/Users/danieledragoni/git/LIste/.venv/lib/python3.10/site-packages/pandas/core/groupby/ops.py", line 873, in agg_series
    result = self._aggregate_series_pure_python(obj, func)
  File "/Users/danieledragoni/git/LIste/.venv/lib/python3.10/site-packages/pandas/core/groupby/ops.py", line 894, in _aggregate_series_pure_python
    res = func(group)
  File "/Users/danieledragoni/git/LIste/.venv/lib/python3.10/site-packages/pandas/core/groupby/groupby.py", line 2461, in <lambda>
    alt=lambda x: Series(x, copy=False).mean(numeric_only=numeric_only),
  File "/Users/danieledragoni/git/LIste/.venv/lib/python3.10/site-packages/pandas/core/series.py", line 6570, in mean
    return NDFrame.mean(self, axis, skipna, numeric_only, **kwargs)
  File "/Users/danieledragoni/git/LIste/.venv/lib/python3.10/site-packages/pandas/core/generic.py", line 12485, in mean
    return self._stat_function(
  File "/Users/danieledragoni/git/LIste/.venv/lib/python3.10/site-packages/pandas/core/generic.py", line 12442, in _stat_function
    return self._reduce(
  File "/Users/danieledragoni/git/LIste/.venv/lib/python3.10/site-packages/pandas/core/series.py", line 6478, in _reduce
    return op(delegate, skipna=skipna, **kwds)
  File "/Users/danieledragoni/git/LIste/.venv/lib/python3.10/site-packages/pandas/core/nanops.py", line 147, in f
    result = alt(values, axis=axis, skipna=skipna, **kwds)
  File "/Users/danieledragoni/git/LIste/.venv/lib/python3.10/site-packages/pandas/core/nanops.py", line 404, in new_func
    result = func(values, axis=axis, skipna=skipna, mask=mask, **kwargs)
  File "/Users/danieledragoni/git/LIste/.venv/lib/python3.10/site-packages/pandas/core/nanops.py", line 720, in nanmean
    the_sum = _ensure_numeric(the_sum)
  File "/Users/danieledragoni/git/LIste/.venv/lib/python3.10/site-packages/pandas/core/nanops.py", line 1701, in _ensure_numeric
    raise TypeError(f"Could not convert string '{x}' to numeric")
TypeError: Could not convert string 'ND' to numeric

The above exception was the direct cause of the following exception:

Traceback (most recent call last):
  File "/Users/danieledragoni/git/LIste/.venv/lib/python3.10/site-packages/streamlit/runtime/scriptrunner/exec_code.py", line 129, in exec_func_with_error_handling
    result = func()
  File "/Users/danieledragoni/git/LIste/.venv/lib/python3.10/site-packages/streamlit/runtime/scriptrunner/script_runner.py", line 669, in code_to_exec
    _mpa_v1(self._main_script_path)
  File "/Users/danieledragoni/git/LIste/.venv/lib/python3.10/site-packages/streamlit/runtime/scriptrunner/script_runner.py", line 165, in _mpa_v1
    page.run()
  File "/Users/danieledragoni/git/LIste/.venv/lib/python3.10/site-packages/streamlit/navigation/page.py", line 310, in run
    exec(code, module.__dict__)  # noqa: S102
  File "/Users/danieledragoni/git/LIste/app/pages/1_üìä_Comparazioni.py", line 50, in <module>
    pivot = df_pivot.pivot_table(
  File "/Users/danieledragoni/git/LIste/.venv/lib/python3.10/site-packages/pandas/core/frame.py", line 9536, in pivot_table
    return pivot_table(
  File "/Users/danieledragoni/git/LIste/.venv/lib/python3.10/site-packages/pandas/core/reshape/pivot.py", line 102, in pivot_table
    table = __internal_pivot_table(
  File "/Users/danieledragoni/git/LIste/.venv/lib/python3.10/site-packages/pandas/core/reshape/pivot.py", line 183, in __internal_pivot_table
    agged = grouped.agg(aggfunc)
  File "/Users/danieledragoni/git/LIste/.venv/lib/python3.10/site-packages/pandas/core/groupby/generic.py", line 1432, in aggregate
    result = op.agg()
  File "/Users/danieledragoni/git/LIste/.venv/lib/python3.10/site-packages/pandas/core/apply.py", line 187, in agg
    return self.apply_str()
  File "/Users/danieledragoni/git/LIste/.venv/lib/python3.10/site-packages/pandas/core/apply.py", line 603, in apply_str
    return self._apply_str(obj, func, *self.args, **self.kwargs)
  File "/Users/danieledragoni/git/LIste/.venv/lib/python3.10/site-packages/pandas/core/apply.py", line 693, in _apply_str
    return f(*args, **kwargs)
  File "/Users/danieledragoni/git/LIste/.venv/lib/python3.10/site-packages/pandas/core/groupby/groupby.py", line 2459, in mean
    result = self._cython_agg_general(
  File "/Users/danieledragoni/git/LIste/.venv/lib/python3.10/site-packages/pandas/core/groupby/groupby.py", line 2005, in _cython_agg_general
    new_mgr = data.grouped_reduce(array_func)
  File "/Users/danieledragoni/git/LIste/.venv/lib/python3.10/site-packages/pandas/core/internals/managers.py", line 1488, in grouped_reduce
    applied = sb.apply(func)
  File "/Users/danieledragoni/git/LIste/.venv/lib/python3.10/site-packages/pandas/core/internals/blocks.py", line 395, in apply
    result = func(self.values, **kwargs)
  File "/Users/danieledragoni/git/LIste/.venv/lib/python3.10/site-packages/pandas/core/groupby/groupby.py", line 2002, in array_func
    result = self._agg_py_fallback(how, values, ndim=data.ndim, alt=alt)
  File "/Users/danieledragoni/git/LIste/.venv/lib/python3.10/site-packages/pandas/core/groupby/groupby.py", line 1948, in _agg_py_fallback
    raise type(err)(msg) from err
TypeError: agg function failed [how->mean,dtype->object]
2025-12-20 20:46:45.100 Uncaught app execution
Traceback (most recent call last):
  File "/Users/danieledragoni/git/LIste/.venv/lib/python3.10/site-packages/streamlit/runtime/scriptrunner/exec_code.py", line 129, in exec_func_with_error_handling
    result = func()
  File "/Users/danieledragoni/git/LIste/.venv/lib/python3.10/site-packages/streamlit/runtime/scriptrunner/script_runner.py", line 669, in code_to_exec
    _mpa_v1(self._main_script_path)
  File "/Users/danieledragoni/git/LIste/.venv/lib/python3.10/site-packages/streamlit/runtime/scriptrunner/script_runner.py", line 165, in _mpa_v1
    page.run()
  File "/Users/danieledragoni/git/LIste/.venv/lib/python3.10/site-packages/streamlit/navigation/page.py", line 310, in run
    exec(code, module.__dict__)  # noqa: S102
  File "/Users/danieledragoni/git/LIste/app/pages/2_üî¨_Analisi_Avanzate.py", line 60, in <module>
    X_scaled = scaler.fit_transform(X)
  File "/Users/danieledragoni/git/LIste/.venv/lib/python3.10/site-packages/sklearn/utils/_set_output.py", line 316, in wrapped
    data_to_wrap = f(self, X, *args, **kwargs)
  File "/Users/danieledragoni/git/LIste/.venv/lib/python3.10/site-packages/sklearn/base.py", line 894, in fit_transform
    return self.fit(X, **fit_params).transform(X)
  File "/Users/danieledragoni/git/LIste/.venv/lib/python3.10/site-packages/sklearn/preprocessing/_data.py", line 907, in fit
    return self.partial_fit(X, y, sample_weight)
  File "/Users/danieledragoni/git/LIste/.venv/lib/python3.10/site-packages/sklearn/base.py", line 1365, in wrapper
    return fit_method(estimator, *args, **kwargs)
  File "/Users/danieledragoni/git/LIste/.venv/lib/python3.10/site-packages/sklearn/preprocessing/_data.py", line 943, in partial_fit
    X = validate_data(
  File "/Users/danieledragoni/git/LIste/.venv/lib/python3.10/site-packages/sklearn/utils/validation.py", line 2954, in validate_data
    out = check_array(X, input_name="X", **check_params)
  File "/Users/danieledragoni/git/LIste/.venv/lib/python3.10/site-packages/sklearn/utils/validation.py", line 1053, in check_array
    array = _asarray_with_order(array, order=order, dtype=dtype, xp=xp)
  File "/Users/danieledragoni/git/LIste/.venv/lib/python3.10/site-packages/sklearn/utils/_array_api.py", line 757, in _asarray_with_order
    array = numpy.asarray(array, order=order, dtype=dtype)
  File "/Users/danieledragoni/git/LIste/.venv/lib/python3.10/site-packages/pandas/core/generic.py", line 2171, in __array__
    arr = np.asarray(values, dtype=dtype)
ValueError: could not convert string to float: 'ND'
2025-12-20 20:46:54.804 Uncaught app execution
Traceback (most recent call last):
  File "/Users/danieledragoni/git/LIste/.venv/lib/python3.10/site-packages/streamlit/runtime/scriptrunner/exec_code.py", line 129, in exec_func_with_error_handling
    result = func()
  File "/Users/danieledragoni/git/LIste/.venv/lib/python3.10/site-packages/streamlit/runtime/scriptrunner/script_runner.py", line 669, in code_to_exec
    _mpa_v1(self._main_script_path)
  File "/Users/danieledragoni/git/LIste/.venv/lib/python3.10/site-packages/streamlit/runtime/scriptrunner/script_runner.py", line 165, in _mpa_v1
    page.run()
  File "/Users/danieledragoni/git/LIste/.venv/lib/python3.10/site-packages/streamlit/navigation/page.py", line 310, in run
    exec(code, module.__dict__)  # noqa: S102
  File "/Users/danieledragoni/git/LIste/app/pages/3_üè´_Dettaglio_Scuola.py", line 80, in <module>
    st.metric("Indice Robustezza", f"{idx:.2f}/7" if pd.notna(idx) else "N/D")
ValueError: Unknown format code 'f' for object of type 'str'
2025-12-20 20:48:01.112 Please replace `use_container_width` with `width`.

`use_container_width` will be removed after 2025-12-31.

For `use_container_width=True`, use `width='stretch'`. For `use_container_width=False`, use `width='content'`.
2025-12-20 20:48:01.167 Please replace `use_container_width` with `width`.

`use_container_width` will be removed after 2025-12-31.

For `use_container_width=True`, use `width='stretch'`. For `use_container_width=False`, use `width='content'`.
2025-12-20 20:48:01.203 Please replace `use_container_width` with `width`.

`use_container_width` will be removed after 2025-12-31.

For `use_container_width=True`, use `width='stretch'`. For `use_container_width=False`, use `width='content'`.
2025-12-20 20:48:01.254 Please replace `use_container_width` with `width`.

`use_container_width` will be removed after 2025-12-31.

For `use_container_width=True`, use `width='stretch'`. For `use_container_width=False`, use `width='content'`.
2025-12-20 20:48:01.265 Please replace `use_container_width` with `width`.

`use_container_width` will be removed after 2025-12-31.

For `use_container_width=True`, use `width='stretch'`. For `use_container_width=False`, use `width='content'`.
2025-12-20 20:48:01.304 Please replace `use_container_width` with `width`.

`use_container_width` will be removed after 2025-12-31.

For `use_container_width=True`, use `width='stretch'`. For `use_container_width=False`, use `width='content'`.
2025-12-20 20:48:02.944 Uncaught app execution
Traceback (most recent call last):
  File "/Users/danieledragoni/git/LIste/.venv/lib/python3.10/site-packages/streamlit/runtime/scriptrunner/exec_code.py", line 129, in exec_func_with_error_handling
    result = func()
  File "/Users/danieledragoni/git/LIste/.venv/lib/python3.10/site-packages/streamlit/runtime/scriptrunner/script_runner.py", line 669, in code_to_exec
    _mpa_v1(self._main_script_path)
  File "/Users/danieledragoni/git/LIste/.venv/lib/python3.10/site-packages/streamlit/runtime/scriptrunner/script_runner.py", line 165, in _mpa_v1
    page.run()
  File "/Users/danieledragoni/git/LIste/.venv/lib/python3.10/site-packages/streamlit/navigation/page.py", line 310, in run
    exec(code, module.__dict__)  # noqa: S102
  File "/Users/danieledragoni/git/LIste/app/pages/2_üî¨_Analisi_Avanzate.py", line 60, in <module>
    X_scaled = scaler.fit_transform(X)
  File "/Users/danieledragoni/git/LIste/.venv/lib/python3.10/site-packages/sklearn/utils/_set_output.py", line 316, in wrapped
    data_to_wrap = f(self, X, *args, **kwargs)
  File "/Users/danieledragoni/git/LIste/.venv/lib/python3.10/site-packages/sklearn/base.py", line 894, in fit_transform
    return self.fit(X, **fit_params).transform(X)
  File "/Users/danieledragoni/git/LIste/.venv/lib/python3.10/site-packages/sklearn/preprocessing/_data.py", line 907, in fit
    return self.partial_fit(X, y, sample_weight)
  File "/Users/danieledragoni/git/LIste/.venv/lib/python3.10/site-packages/sklearn/base.py", line 1365, in wrapper
    return fit_method(estimator, *args, **kwargs)
  File "/Users/danieledragoni/git/LIste/.venv/lib/python3.10/site-packages/sklearn/preprocessing/_data.py", line 943, in partial_fit
    X = validate_data(
  File "/Users/danieledragoni/git/LIste/.venv/lib/python3.10/site-packages/sklearn/utils/validation.py", line 2954, in validate_data
    out = check_array(X, input_name="X", **check_params)
  File "/Users/danieledragoni/git/LIste/.venv/lib/python3.10/site-packages/sklearn/utils/validation.py", line 1053, in check_array
    array = _asarray_with_order(array, order=order, dtype=dtype, xp=xp)
  File "/Users/danieledragoni/git/LIste/.venv/lib/python3.10/site-packages/sklearn/utils/_array_api.py", line 757, in _asarray_with_order
    array = numpy.asarray(array, order=order, dtype=dtype)
  File "/Users/danieledragoni/git/LIste/.venv/lib/python3.10/site-packages/pandas/core/generic.py", line 2171, in __array__
    arr = np.asarray(values, dtype=dtype)
ValueError: could not convert string to float: 'ND'
2025-12-20 20:48:15.388 Please replace `use_container_width` with `width`.

`use_container_width` will be removed after 2025-12-31.

For `use_container_width=True`, use `width='stretch'`. For `use_container_width=False`, use `width='content'`.
2025-12-20 20:48:15.395 Please replace `use_container_width` with `width`.

`use_container_width` will be removed after 2025-12-31.

For `use_container_width=True`, use `width='stretch'`. For `use_container_width=False`, use `width='content'`.
2025-12-20 20:48:15.427 Please replace `use_container_width` with `width`.

`use_container_width` will be removed after 2025-12-31.

For `use_container_width=True`, use `width='stretch'`. For `use_container_width=False`, use `width='content'`.
2025-12-20 20:48:15.433 Uncaught app execution
Traceback (most recent call last):
  File "/Users/danieledragoni/git/LIste/.venv/lib/python3.10/site-packages/streamlit/runtime/scriptrunner/exec_code.py", line 129, in exec_func_with_error_handling
    result = func()
  File "/Users/danieledragoni/git/LIste/.venv/lib/python3.10/site-packages/streamlit/runtime/scriptrunner/script_runner.py", line 669, in code_to_exec
    _mpa_v1(self._main_script_path)
  File "/Users/danieledragoni/git/LIste/.venv/lib/python3.10/site-packages/streamlit/runtime/scriptrunner/script_runner.py", line 165, in _mpa_v1
    page.run()
  File "/Users/danieledragoni/git/LIste/.venv/lib/python3.10/site-packages/streamlit/navigation/page.py", line 310, in run
    exec(code, module.__dict__)  # noqa: S102
  File "/Users/danieledragoni/git/LIste/app/pages/2_üî¨_Analisi_Avanzate.py", line 154, in <module>
    corr = df[score_cols].corr()
  File "/Users/danieledragoni/git/LIste/.venv/lib/python3.10/site-packages/pandas/core/frame.py", line 11076, in corr
    mat = data.to_numpy(dtype=float, na_value=np.nan, copy=False)
  File "/Users/danieledragoni/git/LIste/.venv/lib/python3.10/site-packages/pandas/core/frame.py", line 2002, in to_numpy
    result = self._mgr.as_array(dtype=dtype, copy=copy, na_value=na_value)
  File "/Users/danieledragoni/git/LIste/.venv/lib/python3.10/site-packages/pandas/core/internals/managers.py", line 1707, in as_array
    arr = np.array(blk.values, dtype=dtype, copy=copy)
ValueError: could not convert string to float: 'ND'
2025-12-20 20:48:17.979 Please replace `use_container_width` with `width`.

`use_container_width` will be removed after 2025-12-31.

For `use_container_width=True`, use `width='stretch'`. For `use_container_width=False`, use `width='content'`.
2025-12-20 20:48:18.018 Please replace `use_container_width` with `width`.

`use_container_width` will be removed after 2025-12-31.

For `use_container_width=True`, use `width='stretch'`. For `use_container_width=False`, use `width='content'`.
2025-12-20 20:48:18.054 Please replace `use_container_width` with `width`.

`use_container_width` will be removed after 2025-12-31.

For `use_container_width=True`, use `width='stretch'`. For `use_container_width=False`, use `width='content'`.
2025-12-20 20:48:18.099 Please replace `use_container_width` with `width`.

`use_container_width` will be removed after 2025-12-31.

For `use_container_width=True`, use `width='stretch'`. For `use_container_width=False`, use `width='content'`.
2025-12-20 20:48:18.109 Please replace `use_container_width` with `width`.

`use_container_width` will be removed after 2025-12-31.

For `use_container_width=True`, use `width='stretch'`. For `use_container_width=False`, use `width='content'`.
2025-12-20 20:48:18.143 Please replace `use_container_width` with `width`.

`use_container_width` will be removed after 2025-12-31.

For `use_container_width=True`, use `width='stretch'`. For `use_container_width=False`, use `width='content'`.
2025-12-20 20:48:19.894 Uncaught app execution
Traceback (most recent call last):
  File "/Users/danieledragoni/git/LIste/.venv/lib/python3.10/site-packages/streamlit/runtime/scriptrunner/exec_code.py", line 129, in exec_func_with_error_handling
    result = func()
  File "/Users/danieledragoni/git/LIste/.venv/lib/python3.10/site-packages/streamlit/runtime/scriptrunner/script_runner.py", line 669, in code_to_exec
    _mpa_v1(self._main_script_path)
  File "/Users/danieledragoni/git/LIste/.venv/lib/python3.10/site-packages/streamlit/runtime/scriptrunner/script_runner.py", line 165, in _mpa_v1
    page.run()
  File "/Users/danieledragoni/git/LIste/.venv/lib/python3.10/site-packages/streamlit/navigation/page.py", line 310, in run
    exec(code, module.__dict__)  # noqa: S102
  File "/Users/danieledragoni/git/LIste/app/Home.py", line 127, in <module>
    avg_idx = df['ptof_orientamento_maturity_index'].mean()
  File "/Users/danieledragoni/git/LIste/.venv/lib/python3.10/site-packages/pandas/core/series.py", line 6570, in mean
    return NDFrame.mean(self, axis, skipna, numeric_only, **kwargs)
  File "/Users/danieledragoni/git/LIste/.venv/lib/python3.10/site-packages/pandas/core/generic.py", line 12485, in mean
    return self._stat_function(
  File "/Users/danieledragoni/git/LIste/.venv/lib/python3.10/site-packages/pandas/core/generic.py", line 12442, in _stat_function
    return self._reduce(
  File "/Users/danieledragoni/git/LIste/.venv/lib/python3.10/site-packages/pandas/core/series.py", line 6478, in _reduce
    return op(delegate, skipna=skipna, **kwds)
  File "/Users/danieledragoni/git/LIste/.venv/lib/python3.10/site-packages/pandas/core/nanops.py", line 147, in f
    result = alt(values, axis=axis, skipna=skipna, **kwds)
  File "/Users/danieledragoni/git/LIste/.venv/lib/python3.10/site-packages/pandas/core/nanops.py", line 404, in new_func
    result = func(values, axis=axis, skipna=skipna, mask=mask, **kwargs)
  File "/Users/danieledragoni/git/LIste/.venv/lib/python3.10/site-packages/pandas/core/nanops.py", line 720, in nanmean
    the_sum = _ensure_numeric(the_sum)
  File "/Users/danieledragoni/git/LIste/.venv/lib/python3.10/site-packages/pandas/core/nanops.py", line 1701, in _ensure_numeric
    raise TypeError(f"Could not convert string '{x}' to numeric")
TypeError: Could not convert string '3.392.982.863.313.663.043.333.473.361.03.33.944.151.743.381.01.184.750.04.093.010.03.933.121.822.273.493.553.652.932.782.842.693.63.683.273.672.833.582.562.643.552.823.033.722.794.112.923.153.663.263.043.093.873.752.612.053.161.752.443.672.612.012.661.03.582.612.73.282.853.02.813.042.252.942.673.241.02.071.01.782.892.993.633.132.593.16' to numeric
2025-12-20 20:48:50.969 Uncaught app execution
Traceback (most recent call last):
  File "/Users/danieledragoni/git/LIste/.venv/lib/python3.10/site-packages/streamlit/runtime/scriptrunner/exec_code.py", line 129, in exec_func_with_error_handling
    result = func()
  File "/Users/danieledragoni/git/LIste/.venv/lib/python3.10/site-packages/streamlit/runtime/scriptrunner/script_runner.py", line 669, in code_to_exec
    _mpa_v1(self._main_script_path)
  File "/Users/danieledragoni/git/LIste/.venv/lib/python3.10/site-packages/streamlit/runtime/scriptrunner/script_runner.py", line 165, in _mpa_v1
    page.run()
  File "/Users/danieledragoni/git/LIste/.venv/lib/python3.10/site-packages/streamlit/navigation/page.py", line 310, in run
    exec(code, module.__dict__)  # noqa: S102
  File "/Users/danieledragoni/git/LIste/app/Home.py", line 127, in <module>
    avg_idx = df['ptof_orientamento_maturity_index'].mean()
  File "/Users/danieledragoni/git/LIste/.venv/lib/python3.10/site-packages/pandas/core/series.py", line 6570, in mean
    return NDFrame.mean(self, axis, skipna, numeric_only, **kwargs)
  File "/Users/danieledragoni/git/LIste/.venv/lib/python3.10/site-packages/pandas/core/generic.py", line 12485, in mean
    return self._stat_function(
  File "/Users/danieledragoni/git/LIste/.venv/lib/python3.10/site-packages/pandas/core/generic.py", line 12442, in _stat_function
    return self._reduce(
  File "/Users/danieledragoni/git/LIste/.venv/lib/python3.10/site-packages/pandas/core/series.py", line 6478, in _reduce
    return op(delegate, skipna=skipna, **kwds)
  File "/Users/danieledragoni/git/LIste/.venv/lib/python3.10/site-packages/pandas/core/nanops.py", line 147, in f
    result = alt(values, axis=axis, skipna=skipna, **kwds)
  File "/Users/danieledragoni/git/LIste/.venv/lib/python3.10/site-packages/pandas/core/nanops.py", line 404, in new_func
    result = func(values, axis=axis, skipna=skipna, mask=mask, **kwargs)
  File "/Users/danieledragoni/git/LIste/.venv/lib/python3.10/site-packages/pandas/core/nanops.py", line 720, in nanmean
    the_sum = _ensure_numeric(the_sum)
  File "/Users/danieledragoni/git/LIste/.venv/lib/python3.10/site-packages/pandas/core/nanops.py", line 1701, in _ensure_numeric
    raise TypeError(f"Could not convert string '{x}' to numeric")
TypeError: Could not convert string '3.392.982.863.313.663.043.333.473.361.03.33.944.151.743.381.01.184.750.04.093.010.03.933.121.822.273.493.553.652.932.782.842.693.63.683.273.672.833.582.562.643.552.823.033.722.794.112.923.153.663.263.043.093.873.752.612.053.161.752.443.672.612.012.661.03.582.612.73.282.853.02.813.042.252.942.673.241.02.071.01.782.892.993.633.132.593.16' to numeric
2025-12-20 20:49:03.898 Please replace `use_container_width` with `width`.

`use_container_width` will be removed after 2025-12-31.

For `use_container_width=True`, use `width='stretch'`. For `use_container_width=False`, use `width='content'`.
2025-12-20 20:49:03.906 Please replace `use_container_width` with `width`.

`use_container_width` will be removed after 2025-12-31.

For `use_container_width=True`, use `width='stretch'`. For `use_container_width=False`, use `width='content'`.
2025-12-20 20:49:03.917 Please replace `use_container_width` with `width`.

`use_container_width` will be removed after 2025-12-31.

For `use_container_width=True`, use `width='stretch'`. For `use_container_width=False`, use `width='content'`.
2025-12-20 20:49:10.153 Please replace `use_container_width` with `width`.

`use_container_width` will be removed after 2025-12-31.

For `use_container_width=True`, use `width='stretch'`. For `use_container_width=False`, use `width='content'`.
2025-12-20 20:49:11.641 Uncaught app execution
Traceback (most recent call last):
  File "/Users/danieledragoni/git/LIste/.venv/lib/python3.10/site-packages/streamlit/runtime/scriptrunner/exec_code.py", line 129, in exec_func_with_error_handling
    result = func()
  File "/Users/danieledragoni/git/LIste/.venv/lib/python3.10/site-packages/streamlit/runtime/scriptrunner/script_runner.py", line 669, in code_to_exec
    _mpa_v1(self._main_script_path)
  File "/Users/danieledragoni/git/LIste/.venv/lib/python3.10/site-packages/streamlit/runtime/scriptrunner/script_runner.py", line 165, in _mpa_v1
    page.run()
  File "/Users/danieledragoni/git/LIste/.venv/lib/python3.10/site-packages/streamlit/navigation/page.py", line 310, in run
    exec(code, module.__dict__)  # noqa: S102
  File "/Users/danieledragoni/git/LIste/app/pages/3_üè´_Dettaglio_Scuola.py", line 80, in <module>
    st.metric("Indice Robustezza", f"{idx:.2f}/7" if pd.notna(idx) else "N/D")
ValueError: Unknown format code 'f' for object of type 'str'
2025-12-20 20:49:19.237 Please replace `use_container_width` with `width`.

`use_container_width` will be removed after 2025-12-31.

For `use_container_width=True`, use `width='stretch'`. For `use_container_width=False`, use `width='content'`.
2025-12-20 20:49:19.264 Please replace `use_container_width` with `width`.

`use_container_width` will be removed after 2025-12-31.

For `use_container_width=True`, use `width='stretch'`. For `use_container_width=False`, use `width='content'`.
2025-12-20 20:49:19.294 Please replace `use_container_width` with `width`.

`use_container_width` will be removed after 2025-12-31.

For `use_container_width=True`, use `width='stretch'`. For `use_container_width=False`, use `width='content'`.
2025-12-20 20:49:19.332 Please replace `use_container_width` with `width`.

`use_container_width` will be removed after 2025-12-31.

For `use_container_width=True`, use `width='stretch'`. For `use_container_width=False`, use `width='content'`.
2025-12-20 20:49:19.340 Please replace `use_container_width` with `width`.

`use_container_width` will be removed after 2025-12-31.

For `use_container_width=True`, use `width='stretch'`. For `use_container_width=False`, use `width='content'`.
2025-12-20 20:49:19.370 Please replace `use_container_width` with `width`.

`use_container_width` will be removed after 2025-12-31.

For `use_container_width=True`, use `width='stretch'`. For `use_container_width=False`, use `width='content'`.
2025-12-20 20:49:24.665 Please replace `use_container_width` with `width`.

`use_container_width` will be removed after 2025-12-31.

For `use_container_width=True`, use `width='stretch'`. For `use_container_width=False`, use `width='content'`.
2025-12-20 20:49:24.669 Please replace `use_container_width` with `width`.

`use_container_width` will be removed after 2025-12-31.

For `use_container_width=True`, use `width='stretch'`. For `use_container_width=False`, use `width='content'`.
2025-12-20 20:49:24.680 Please replace `use_container_width` with `width`.

`use_container_width` will be removed after 2025-12-31.

For `use_container_width=True`, use `width='stretch'`. For `use_container_width=False`, use `width='content'`.
2025-12-20 20:49:24.683 Uncaught app execution
Traceback (most recent call last):
  File "/Users/danieledragoni/git/LIste/.venv/lib/python3.10/site-packages/streamlit/runtime/scriptrunner/exec_code.py", line 129, in exec_func_with_error_handling
    result = func()
  File "/Users/danieledragoni/git/LIste/.venv/lib/python3.10/site-packages/streamlit/runtime/scriptrunner/script_runner.py", line 669, in code_to_exec
    _mpa_v1(self._main_script_path)
  File "/Users/danieledragoni/git/LIste/.venv/lib/python3.10/site-packages/streamlit/runtime/scriptrunner/script_runner.py", line 165, in _mpa_v1
    page.run()
  File "/Users/danieledragoni/git/LIste/.venv/lib/python3.10/site-packages/streamlit/navigation/page.py", line 310, in run
    exec(code, module.__dict__)  # noqa: S102
  File "/Users/danieledragoni/git/LIste/app/pages/2_üî¨_Analisi_Avanzate.py", line 154, in <module>
    corr = df[score_cols].corr()
  File "/Users/danieledragoni/git/LIste/.venv/lib/python3.10/site-packages/pandas/core/frame.py", line 11076, in corr
    mat = data.to_numpy(dtype=float, na_value=np.nan, copy=False)
  File "/Users/danieledragoni/git/LIste/.venv/lib/python3.10/site-packages/pandas/core/frame.py", line 2002, in to_numpy
    result = self._mgr.as_array(dtype=dtype, copy=copy, na_value=na_value)
  File "/Users/danieledragoni/git/LIste/.venv/lib/python3.10/site-packages/pandas/core/internals/managers.py", line 1707, in as_array
    arr = np.array(blk.values, dtype=dtype, copy=copy)
ValueError: could not convert string to float: 'ND'
2025-12-20 20:49:29.107 Please replace `use_container_width` with `width`.

`use_container_width` will be removed after 2025-12-31.

For `use_container_width=True`, use `width='stretch'`. For `use_container_width=False`, use `width='content'`.
2025-12-20 20:49:29.165 Please replace `use_container_width` with `width`.

`use_container_width` will be removed after 2025-12-31.

For `use_container_width=True`, use `width='stretch'`. For `use_container_width=False`, use `width='content'`.
2025-12-20 20:49:29.339 Please replace `use_container_width` with `width`.

`use_container_width` will be removed after 2025-12-31.

For `use_container_width=True`, use `width='stretch'`. For `use_container_width=False`, use `width='content'`.
2025-12-20 20:49:29.454 Please replace `use_container_width` with `width`.

`use_container_width` will be removed after 2025-12-31.

For `use_container_width=True`, use `width='stretch'`. For `use_container_width=False`, use `width='content'`.
2025-12-20 20:49:29.461 Uncaught app execution
Traceback (most recent call last):
  File "/Users/danieledragoni/git/LIste/.venv/lib/python3.10/site-packages/streamlit/runtime/scriptrunner/exec_code.py", line 129, in exec_func_with_error_handling
    result = func()
  File "/Users/danieledragoni/git/LIste/.venv/lib/python3.10/site-packages/streamlit/runtime/scriptrunner/script_runner.py", line 669, in code_to_exec
    _mpa_v1(self._main_script_path)
  File "/Users/danieledragoni/git/LIste/.venv/lib/python3.10/site-packages/streamlit/runtime/scriptrunner/script_runner.py", line 165, in _mpa_v1
    page.run()
  File "/Users/danieledragoni/git/LIste/.venv/lib/python3.10/site-packages/streamlit/navigation/page.py", line 310, in run
    exec(code, module.__dict__)  # noqa: S102
  File "/Users/danieledragoni/git/LIste/app/Home.py", line 259, in <module>
    all_scores.append(df[col].mean())
  File "/Users/danieledragoni/git/LIste/.venv/lib/python3.10/site-packages/pandas/core/series.py", line 6570, in mean
    return NDFrame.mean(self, axis, skipna, numeric_only, **kwargs)
  File "/Users/danieledragoni/git/LIste/.venv/lib/python3.10/site-packages/pandas/core/generic.py", line 12485, in mean
    return self._stat_function(
  File "/Users/danieledragoni/git/LIste/.venv/lib/python3.10/site-packages/pandas/core/generic.py", line 12442, in _stat_function
    return self._reduce(
  File "/Users/danieledragoni/git/LIste/.venv/lib/python3.10/site-packages/pandas/core/series.py", line 6478, in _reduce
    return op(delegate, skipna=skipna, **kwds)
  File "/Users/danieledragoni/git/LIste/.venv/lib/python3.10/site-packages/pandas/core/nanops.py", line 147, in f
    result = alt(values, axis=axis, skipna=skipna, **kwds)
  File "/Users/danieledragoni/git/LIste/.venv/lib/python3.10/site-packages/pandas/core/nanops.py", line 404, in new_func
    result = func(values, axis=axis, skipna=skipna, mask=mask, **kwargs)
  File "/Users/danieledragoni/git/LIste/.venv/lib/python3.10/site-packages/pandas/core/nanops.py", line 720, in nanmean
    the_sum = _ensure_numeric(the_sum)
  File "/Users/danieledragoni/git/LIste/.venv/lib/python3.10/site-packages/pandas/core/nanops.py", line 1701, in _ensure_numeric
    raise TypeError(f"Could not convert string '{x}' to numeric")
TypeError: Could not convert string '333343333135323114043043233333233333333333333333333333332323333314333333333331313333333' to numeric
  Stopping...
